CRITICAL - 2023-11-29 10:35:05 --> Class "codeIgniter\Model" not found
in APPPATH\Models\NewsModel.php on line 7.
 1 SYSTEMPATH\Autoloader\Autoloader.php(312): include_once()
 2 SYSTEMPATH\Autoloader\Autoloader.php(291): CodeIgniter\Autoloader\Autoloader->includeFile('C:\\wamp64\\www\\site\\Correction\\framework-4.4.3\\app\\Models\\NewsModel.php')
 3 SYSTEMPATH\Autoloader\Autoloader.php(269): CodeIgniter\Autoloader\Autoloader->loadInNamespace('App\\Models\\NewsModel')
 4 [internal function]: CodeIgniter\Autoloader\Autoloader->loadClass('App\\Models\\NewsModel')
 5 SYSTEMPATH\Config\Factories.php(283): class_exists('App\\Models\\NewsModel')
 6 SYSTEMPATH\Config\Factories.php(202): CodeIgniter\Config\Factories::locateClass([...], 'App\\Models\\NewsModel')
 7 SYSTEMPATH\Config\Factories.php(161): CodeIgniter\Config\Factories::getDefinedInstance([...], 'App\\Models\\NewsModel', [...])
 8 SYSTEMPATH\Common.php(827): CodeIgniter\Config\Factories::__callStatic('models', [...])
 9 APPPATH\Controllers\News.php(11): model('App\\Models\\NewsModel')
10 SYSTEMPATH\CodeIgniter.php(942): App\Controllers\News->index()
11 SYSTEMPATH\CodeIgniter.php(502): CodeIgniter\CodeIgniter->runController(Object(App\Controllers\News))
12 SYSTEMPATH\CodeIgniter.php(361): CodeIgniter\CodeIgniter->handleRequest(null, Object(Config\Cache), false)
13 FCPATH\index.php(79): CodeIgniter\CodeIgniter->run()
14 SYSTEMPATH\Commands\Server\rewrite.php(47): require_once('C:\\wamp64\\www\\site\\Correction\\framework-4.4.3\\public\\index.php')
CRITICAL - 2023-11-29 10:35:50 --> Class "codeIgniter\Model" not found
in APPPATH\Models\NewsModel.php on line 7.
 1 SYSTEMPATH\Autoloader\Autoloader.php(312): include_once()
 2 SYSTEMPATH\Autoloader\Autoloader.php(291): CodeIgniter\Autoloader\Autoloader->includeFile('C:\\wamp64\\www\\site\\Correction\\framework-4.4.3\\app\\Models\\NewsModel.php')
 3 SYSTEMPATH\Autoloader\Autoloader.php(269): CodeIgniter\Autoloader\Autoloader->loadInNamespace('App\\Models\\NewsModel')
 4 [internal function]: CodeIgniter\Autoloader\Autoloader->loadClass('App\\Models\\NewsModel')
 5 SYSTEMPATH\Config\Factories.php(283): class_exists('App\\Models\\NewsModel')
 6 SYSTEMPATH\Config\Factories.php(202): CodeIgniter\Config\Factories::locateClass([...], 'App\\Models\\NewsModel')
 7 SYSTEMPATH\Config\Factories.php(161): CodeIgniter\Config\Factories::getDefinedInstance([...], 'App\\Models\\NewsModel', [...])
 8 SYSTEMPATH\Common.php(827): CodeIgniter\Config\Factories::__callStatic('models', [...])
 9 APPPATH\Controllers\News.php(11): model('App\\Models\\NewsModel')
10 SYSTEMPATH\CodeIgniter.php(942): App\Controllers\News->index()
11 SYSTEMPATH\CodeIgniter.php(502): CodeIgniter\CodeIgniter->runController(Object(App\Controllers\News))
12 SYSTEMPATH\CodeIgniter.php(361): CodeIgniter\CodeIgniter->handleRequest(null, Object(Config\Cache), false)
13 FCPATH\index.php(79): CodeIgniter\CodeIgniter->run()
14 SYSTEMPATH\Commands\Server\rewrite.php(47): require_once('C:\\wamp64\\www\\site\\Correction\\framework-4.4.3\\public\\index.php')
CRITICAL - 2023-11-29 10:35:58 --> Class "codeIgniter\Model" not found
in APPPATH\Models\NewsModel.php on line 7.
 1 SYSTEMPATH\Autoloader\Autoloader.php(312): include_once()
 2 SYSTEMPATH\Autoloader\Autoloader.php(291): CodeIgniter\Autoloader\Autoloader->includeFile('C:\\wamp64\\www\\site\\Correction\\framework-4.4.3\\app\\Models\\NewsModel.php')
 3 SYSTEMPATH\Autoloader\Autoloader.php(269): CodeIgniter\Autoloader\Autoloader->loadInNamespace('App\\Models\\NewsModel')
 4 [internal function]: CodeIgniter\Autoloader\Autoloader->loadClass('App\\Models\\NewsModel')
 5 SYSTEMPATH\Config\Factories.php(283): class_exists('App\\Models\\NewsModel')
 6 SYSTEMPATH\Config\Factories.php(202): CodeIgniter\Config\Factories::locateClass([...], 'App\\Models\\NewsModel')
 7 SYSTEMPATH\Config\Factories.php(161): CodeIgniter\Config\Factories::getDefinedInstance([...], 'App\\Models\\NewsModel', [...])
 8 SYSTEMPATH\Common.php(827): CodeIgniter\Config\Factories::__callStatic('models', [...])
 9 APPPATH\Controllers\News.php(11): model('App\\Models\\NewsModel')
10 SYSTEMPATH\CodeIgniter.php(942): App\Controllers\News->index()
11 SYSTEMPATH\CodeIgniter.php(502): CodeIgniter\CodeIgniter->runController(Object(App\Controllers\News))
12 SYSTEMPATH\CodeIgniter.php(361): CodeIgniter\CodeIgniter->handleRequest(null, Object(Config\Cache), false)
13 FCPATH\index.php(79): CodeIgniter\CodeIgniter->run()
14 SYSTEMPATH\Commands\Server\rewrite.php(47): require_once('C:\\wamp64\\www\\site\\Correction\\framework-4.4.3\\public\\index.php')
CRITICAL - 2023-11-29 10:36:56 --> Invalid file: "news/index.php"
in SYSTEMPATH\Exceptions\FrameworkException.php on line 39.
 1 SYSTEMPATH\View\View.php(216): CodeIgniter\Exceptions\FrameworkException::forInvalidFile('news/index.php')
 2 SYSTEMPATH\Common.php(1190): CodeIgniter\View\View->render('news/index', [], true)
 3 APPPATH\Controllers\News.php(19): view('news/index')
 4 SYSTEMPATH\CodeIgniter.php(942): App\Controllers\News->index()
 5 SYSTEMPATH\CodeIgniter.php(502): CodeIgniter\CodeIgniter->runController(Object(App\Controllers\News))
 6 SYSTEMPATH\CodeIgniter.php(361): CodeIgniter\CodeIgniter->handleRequest(null, Object(Config\Cache), false)
 7 FCPATH\index.php(79): CodeIgniter\CodeIgniter->run()
 8 SYSTEMPATH\Commands\Server\rewrite.php(47): require_once('C:\\wamp64\\www\\site\\Correction\\framework-4.4.3\\public\\index.php')
CRITICAL - 2023-11-29 11:14:02 --> syntax error, unexpected token "}"
in APPPATH\Controllers\News.php on line 15.
 1 SYSTEMPATH\Autoloader\Autoloader.php(291): CodeIgniter\Autoloader\Autoloader->includeFile('C:\\wamp64\\www\\site\\Correction\\framework-4.4.3\\app\\Controllers\\News.php')
 2 SYSTEMPATH\Autoloader\Autoloader.php(269): CodeIgniter\Autoloader\Autoloader->loadInNamespace('App\\Controllers\\News')
 3 [internal function]: CodeIgniter\Autoloader\Autoloader->loadClass('App\\Controllers\\News')
 4 SYSTEMPATH\CodeIgniter.php(900): class_exists('\\App\\Controllers\\News', true)
 5 SYSTEMPATH\CodeIgniter.php(489): CodeIgniter\CodeIgniter->startController()
 6 SYSTEMPATH\CodeIgniter.php(361): CodeIgniter\CodeIgniter->handleRequest(null, Object(Config\Cache), false)
 7 FCPATH\index.php(79): CodeIgniter\CodeIgniter->run()
 8 SYSTEMPATH\Commands\Server\rewrite.php(47): require_once('C:\\wamp64\\www\\site\\Correction\\framework-4.4.3\\public\\index.php')
CRITICAL - 2023-11-29 11:17:12 --> Too few arguments to function App\Entities\News::__construct(), 3 passed in C:\wamp64\www\site\Correction\framework-4.4.3\app\Controllers\News.php on line 14 and exactly 4 expected
in APPPATH\Entities\News.php on line 13.
 1 APPPATH\Controllers\News.php(14): App\Entities\News->__construct('1', 'Elvis sighted', 'Elvis was sighted at the Podunk internet cafe. It looked like he was writing a CodeIgniter app.')
 2 [internal function]: App\Controllers\News->App\Controllers\{closure}([...])
 3 APPPATH\Controllers\News.php(15): array_map(Object(Closure), [...])
 4 SYSTEMPATH\CodeIgniter.php(942): App\Controllers\News->index()
 5 SYSTEMPATH\CodeIgniter.php(502): CodeIgniter\CodeIgniter->runController(Object(App\Controllers\News))
 6 SYSTEMPATH\CodeIgniter.php(361): CodeIgniter\CodeIgniter->handleRequest(null, Object(Config\Cache), false)
 7 FCPATH\index.php(79): CodeIgniter\CodeIgniter->run()
 8 SYSTEMPATH\Commands\Server\rewrite.php(47): require_once('C:\\wamp64\\www\\site\\Correction\\framework-4.4.3\\public\\index.php')
CRITICAL - 2023-11-29 11:18:12 --> Cannot use object of type App\Entities\News as array
in APPPATH\Views\news\index.php on line 12.
 1 SYSTEMPATH\View\View.php(228): include()
 2 SYSTEMPATH\View\View.php(231): CodeIgniter\View\View->CodeIgniter\View\{closure}()
 3 SYSTEMPATH\Common.php(1190): CodeIgniter\View\View->render('news/index', [], true)
 4 APPPATH\Controllers\News.php(23): view('news/index')
 5 SYSTEMPATH\CodeIgniter.php(942): App\Controllers\News->index()
 6 SYSTEMPATH\CodeIgniter.php(502): CodeIgniter\CodeIgniter->runController(Object(App\Controllers\News))
 7 SYSTEMPATH\CodeIgniter.php(361): CodeIgniter\CodeIgniter->handleRequest(null, Object(Config\Cache), false)
 8 FCPATH\index.php(79): CodeIgniter\CodeIgniter->run()
 9 SYSTEMPATH\Commands\Server\rewrite.php(47): require_once('C:\\wamp64\\www\\site\\Correction\\framework-4.4.3\\public\\index.php')
CRITICAL - 2023-11-29 13:10:20 --> Too few arguments to function App\Entities\News::__construct(), 0 passed and exactly 4 expected
in APPPATH\Entities\News.php on line 13.
 1 [internal function]: App\Entities\News->__construct()
 2 SYSTEMPATH\Database\MySQLi\Result.php(154): mysqli_result->fetch_object('App\\Entities\\News')
 3 SYSTEMPATH\Database\BaseResult.php(159): CodeIgniter\Database\MySQLi\Result->fetchObject('App\\Entities\\News')
 4 SYSTEMPATH\Database\BaseResult.php(114): CodeIgniter\Database\BaseResult->getCustomResultObject('App\\Entities\\News')
 5 SYSTEMPATH\Model.php(238): CodeIgniter\Database\BaseResult->getResult('App\\Entities\\News')
 6 SYSTEMPATH\BaseModel.php(624): CodeIgniter\Model->doFindAll(0, 0)
 7 APPPATH\Models\NewsModel.php(15): CodeIgniter\BaseModel->findAll()
 8 APPPATH\Controllers\News.php(18): App\Models\NewsModel->getNews()
 9 SYSTEMPATH\CodeIgniter.php(942): App\Controllers\News->index()
10 SYSTEMPATH\CodeIgniter.php(502): CodeIgniter\CodeIgniter->runController(Object(App\Controllers\News))
11 SYSTEMPATH\CodeIgniter.php(361): CodeIgniter\CodeIgniter->handleRequest(null, Object(Config\Cache), false)
12 FCPATH\index.php(79): CodeIgniter\CodeIgniter->run()
13 SYSTEMPATH\Commands\Server\rewrite.php(47): require_once('C:\\wamp64\\www\\site\\Correction\\framework-4.4.3\\public\\index.php')
CRITICAL - 2023-11-29 13:11:23 --> Cannot use object of type App\Entities\News as array
in APPPATH\Controllers\News.php on line 36.
 1 SYSTEMPATH\CodeIgniter.php(942): App\Controllers\News->show('elvis-sighted')
 2 SYSTEMPATH\CodeIgniter.php(502): CodeIgniter\CodeIgniter->runController(Object(App\Controllers\News))
 3 SYSTEMPATH\CodeIgniter.php(361): CodeIgniter\CodeIgniter->handleRequest(null, Object(Config\Cache), false)
 4 FCPATH\index.php(79): CodeIgniter\CodeIgniter->run()
 5 SYSTEMPATH\Commands\Server\rewrite.php(47): require_once('C:\\wamp64\\www\\site\\Correction\\framework-4.4.3\\public\\index.php')
INFO - 2023-11-29 14:26:06 --> Session: Class initialized using 'CodeIgniter\Session\Handlers\FileHandler' driver.
INFO - 2023-11-29 14:26:31 --> CSRF token verified.
INFO - 2023-11-29 14:26:31 --> Session: Class initialized using 'CodeIgniter\Session\Handlers\FileHandler' driver.
INFO - 2023-11-29 14:26:46 --> CSRF token verified.
CRITICAL - 2023-11-29 14:58:31 --> The action you requested is not allowed.
in SYSTEMPATH\Security\Security.php on line 300.
 1 SYSTEMPATH\Security\Security.php(300): CodeIgniter\Security\Exceptions\SecurityException::forDisallowedAction()
 2 SYSTEMPATH\Filters\CSRF.php(56): CodeIgniter\Security\Security->verify(Object(CodeIgniter\HTTP\IncomingRequest))
 3 SYSTEMPATH\Filters\Filters.php(186): CodeIgniter\Filters\CSRF->before(Object(CodeIgniter\HTTP\IncomingRequest), null)
 4 SYSTEMPATH\CodeIgniter.php(474): CodeIgniter\Filters\Filters->run('news', 'before')
 5 SYSTEMPATH\CodeIgniter.php(361): CodeIgniter\CodeIgniter->handleRequest(null, Object(Config\Cache), false)
 6 FCPATH\index.php(79): CodeIgniter\CodeIgniter->run()
 7 SYSTEMPATH\Commands\Server\rewrite.php(47): require_once('C:\\wamp64\\www\\site\\Correction\\framework-4.4.3\\public\\index.php')
INFO - 2023-11-29 14:58:48 --> Session: Class initialized using 'CodeIgniter\Session\Handlers\FileHandler' driver.
INFO - 2023-11-29 14:59:07 --> CSRF token verified.
CRITICAL - 2023-11-29 14:59:07 --> Undefined array key "blablabla"
in APPPATH\Controllers\News.php on line 76.
 1 APPPATH\Controllers\News.php(76): CodeIgniter\Debug\Exceptions->errorHandler(2, 'Undefined array key "blablabla"', 'C:\\wamp64\\www\\site\\Correction\\framework-4.4.3\\app\\Controllers\\News.php', 76)
 2 SYSTEMPATH\CodeIgniter.php(942): App\Controllers\News->create()
 3 SYSTEMPATH\CodeIgniter.php(502): CodeIgniter\CodeIgniter->runController(Object(App\Controllers\News))
 4 SYSTEMPATH\CodeIgniter.php(361): CodeIgniter\CodeIgniter->handleRequest(null, Object(Config\Cache), false)
 5 FCPATH\index.php(79): CodeIgniter\CodeIgniter->run()
 6 SYSTEMPATH\Commands\Server\rewrite.php(47): require_once('C:\\wamp64\\www\\site\\Correction\\framework-4.4.3\\public\\index.php')
INFO - 2023-11-29 15:00:17 --> CSRF token verified.
CRITICAL - 2023-11-29 15:00:17 --> Undefined array key "blablabla"
in APPPATH\Controllers\News.php on line 76.
 1 APPPATH\Controllers\News.php(76): CodeIgniter\Debug\Exceptions->errorHandler(2, 'Undefined array key "blablabla"', 'C:\\wamp64\\www\\site\\Correction\\framework-4.4.3\\app\\Controllers\\News.php', 76)
 2 SYSTEMPATH\CodeIgniter.php(942): App\Controllers\News->create()
 3 SYSTEMPATH\CodeIgniter.php(502): CodeIgniter\CodeIgniter->runController(Object(App\Controllers\News))
 4 SYSTEMPATH\CodeIgniter.php(361): CodeIgniter\CodeIgniter->handleRequest(null, Object(Config\Cache), false)
 5 FCPATH\index.php(79): CodeIgniter\CodeIgniter->run()
 6 SYSTEMPATH\Commands\Server\rewrite.php(47): require_once('C:\\wamp64\\www\\site\\Correction\\framework-4.4.3\\public\\index.php')
INFO - 2023-11-29 15:00:31 --> Session: Class initialized using 'CodeIgniter\Session\Handlers\FileHandler' driver.
INFO - 2023-11-29 15:00:44 --> CSRF token verified.
CRITICAL - 2023-11-29 15:00:44 --> Undefined array key "azertyuiopmlkj"
in APPPATH\Controllers\News.php on line 76.
 1 APPPATH\Controllers\News.php(76): CodeIgniter\Debug\Exceptions->errorHandler(2, 'Undefined array key "azertyuiopmlkj"', 'C:\\wamp64\\www\\site\\Correction\\framework-4.4.3\\app\\Controllers\\News.php', 76)
 2 SYSTEMPATH\CodeIgniter.php(942): App\Controllers\News->create()
 3 SYSTEMPATH\CodeIgniter.php(502): CodeIgniter\CodeIgniter->runController(Object(App\Controllers\News))
 4 SYSTEMPATH\CodeIgniter.php(361): CodeIgniter\CodeIgniter->handleRequest(null, Object(Config\Cache), false)
 5 FCPATH\index.php(79): CodeIgniter\CodeIgniter->run()
 6 SYSTEMPATH\Commands\Server\rewrite.php(47): require_once('C:\\wamp64\\www\\site\\Correction\\framework-4.4.3\\public\\index.php')
INFO - 2023-11-29 15:02:13 --> CSRF token verified.
CRITICAL - 2023-11-29 15:02:13 --> Undefined array key "azertyuiopmlkj"
in APPPATH\Controllers\News.php on line 74.
 1 APPPATH\Controllers\News.php(74): CodeIgniter\Debug\Exceptions->errorHandler(2, 'Undefined array key "azertyuiopmlkj"', 'C:\\wamp64\\www\\site\\Correction\\framework-4.4.3\\app\\Controllers\\News.php', 74)
 2 SYSTEMPATH\CodeIgniter.php(942): App\Controllers\News->create()
 3 SYSTEMPATH\CodeIgniter.php(502): CodeIgniter\CodeIgniter->runController(Object(App\Controllers\News))
 4 SYSTEMPATH\CodeIgniter.php(361): CodeIgniter\CodeIgniter->handleRequest(null, Object(Config\Cache), false)
 5 FCPATH\index.php(79): CodeIgniter\CodeIgniter->run()
 6 SYSTEMPATH\Commands\Server\rewrite.php(47): require_once('C:\\wamp64\\www\\site\\Correction\\framework-4.4.3\\public\\index.php')
INFO - 2023-11-29 15:02:21 --> Session: Class initialized using 'CodeIgniter\Session\Handlers\FileHandler' driver.
INFO - 2023-11-29 15:02:29 --> CSRF token verified.
CRITICAL - 2023-11-29 15:02:29 --> Undefined array key "ùzlaczapzczpda"
in APPPATH\Controllers\News.php on line 74.
 1 APPPATH\Controllers\News.php(74): CodeIgniter\Debug\Exceptions->errorHandler(2, 'Undefined array key "ùzlaczapzczpda"', 'C:\\wamp64\\www\\site\\Correction\\framework-4.4.3\\app\\Controllers\\News.php', 74)
 2 SYSTEMPATH\CodeIgniter.php(942): App\Controllers\News->create()
 3 SYSTEMPATH\CodeIgniter.php(502): CodeIgniter\CodeIgniter->runController(Object(App\Controllers\News))
 4 SYSTEMPATH\CodeIgniter.php(361): CodeIgniter\CodeIgniter->handleRequest(null, Object(Config\Cache), false)
 5 FCPATH\index.php(79): CodeIgniter\CodeIgniter->run()
 6 SYSTEMPATH\Commands\Server\rewrite.php(47): require_once('C:\\wamp64\\www\\site\\Correction\\framework-4.4.3\\public\\index.php')
INFO - 2023-11-29 15:03:02 --> Session: Class initialized using 'CodeIgniter\Session\Handlers\FileHandler' driver.
INFO - 2023-11-29 15:03:11 --> CSRF token verified.
CRITICAL - 2023-11-29 15:24:38 --> Declaration of App\Models\NewsModel::delete($slug) must be compatible with CodeIgniter\BaseModel::delete($id = null, bool $purge = false)
in APPPATH\Models\NewsModel.php on line 20.
 1 [internal function]: CodeIgniter\Debug\Exceptions->shutdownHandler()
CRITICAL - 2023-11-29 15:26:33 --> Declaration of App\Models\NewsModel::delete($id) must be compatible with CodeIgniter\BaseModel::delete($id = null, bool $purge = false)
in APPPATH\Models\NewsModel.php on line 20.
 1 [internal function]: CodeIgniter\Debug\Exceptions->shutdownHandler()
CRITICAL - 2023-11-29 15:26:44 --> Declaration of App\Models\NewsModel::delete($id) must be compatible with CodeIgniter\BaseModel::delete($id = null, bool $purge = false)
in APPPATH\Models\NewsModel.php on line 20.
 1 [internal function]: CodeIgniter\Debug\Exceptions->shutdownHandler()
CRITICAL - 2023-11-29 15:26:47 --> Declaration of App\Models\NewsModel::delete($id) must be compatible with CodeIgniter\BaseModel::delete($id = null, bool $purge = false)
in APPPATH\Models\NewsModel.php on line 20.
 1 [internal function]: CodeIgniter\Debug\Exceptions->shutdownHandler()
CRITICAL - 2023-11-29 15:29:05 --> Declaration of App\Models\NewsModel::delete($id) must be compatible with CodeIgniter\BaseModel::delete($id = null, bool $purge = false)
in APPPATH\Models\NewsModel.php on line 20.
 1 [internal function]: CodeIgniter\Debug\Exceptions->shutdownHandler()
CRITICAL - 2023-11-29 15:29:11 --> Declaration of App\Models\NewsModel::delete($id) must be compatible with CodeIgniter\BaseModel::delete($id = null, bool $purge = false)
in APPPATH\Models\NewsModel.php on line 20.
 1 [internal function]: CodeIgniter\Debug\Exceptions->shutdownHandler()
CRITICAL - 2023-11-29 15:30:28 --> Declaration of App\Models\NewsModel::delete($id) must be compatible with CodeIgniter\BaseModel::delete($id = null, bool $purge = false)
in APPPATH\Models\NewsModel.php on line 20.
 1 [internal function]: CodeIgniter\Debug\Exceptions->shutdownHandler()
CRITICAL - 2023-11-29 15:31:00 --> Declaration of App\Models\NewsModel::delete($id) must be compatible with CodeIgniter\BaseModel::delete($id = null, bool $purge = false)
in APPPATH\Models\NewsModel.php on line 20.
 1 [internal function]: CodeIgniter\Debug\Exceptions->shutdownHandler()
INFO - 2023-11-29 15:59:52 --> Session: Class initialized using 'CodeIgniter\Session\Handlers\FileHandler' driver.
CRITICAL - 2023-11-29 15:59:52 --> Undefined variable $entity
in APPPATH\Views\news\update.php on line 10.
 1 APPPATH\Views\news\update.php(10): CodeIgniter\Debug\Exceptions->errorHandler(2, 'Undefined variable $entity', 'C:\\wamp64\\www\\site\\Correction\\framework-4.4.3\\app\\Views\\news\\update.php', 10)
 2 SYSTEMPATH\View\View.php(228): include('C:\\wamp64\\www\\site\\Correction\\framework-4.4.3\\app\\Views\\news\\update.php')
 3 SYSTEMPATH\View\View.php(231): CodeIgniter\View\View->CodeIgniter\View\{closure}()
 4 SYSTEMPATH\Common.php(1190): CodeIgniter\View\View->render('news/update', [], true)
 5 APPPATH\Controllers\News.php(97): view('news/update')
 6 SYSTEMPATH\CodeIgniter.php(942): App\Controllers\News->newUpdate('2')
 7 SYSTEMPATH\CodeIgniter.php(502): CodeIgniter\CodeIgniter->runController(Object(App\Controllers\News))
 8 SYSTEMPATH\CodeIgniter.php(361): CodeIgniter\CodeIgniter->handleRequest(null, Object(Config\Cache), false)
 9 FCPATH\index.php(79): CodeIgniter\CodeIgniter->run()
10 SYSTEMPATH\Commands\Server\rewrite.php(47): require_once('C:\\wamp64\\www\\site\\Correction\\framework-4.4.3\\public\\index.php')
INFO - 2023-11-29 16:00:27 --> Session: Class initialized using 'CodeIgniter\Session\Handlers\FileHandler' driver.
CRITICAL - 2023-11-29 16:00:27 --> Undefined variable $news
in APPPATH\Views\news\update.php on line 10.
 1 APPPATH\Views\news\update.php(10): CodeIgniter\Debug\Exceptions->errorHandler(2, 'Undefined variable $news', 'C:\\wamp64\\www\\site\\Correction\\framework-4.4.3\\app\\Views\\news\\update.php', 10)
 2 SYSTEMPATH\View\View.php(228): include('C:\\wamp64\\www\\site\\Correction\\framework-4.4.3\\app\\Views\\news\\update.php')
 3 SYSTEMPATH\View\View.php(231): CodeIgniter\View\View->CodeIgniter\View\{closure}()
 4 SYSTEMPATH\Common.php(1190): CodeIgniter\View\View->render('news/update', [], true)
 5 APPPATH\Controllers\News.php(97): view('news/update')
 6 SYSTEMPATH\CodeIgniter.php(942): App\Controllers\News->newUpdate('2')
 7 SYSTEMPATH\CodeIgniter.php(502): CodeIgniter\CodeIgniter->runController(Object(App\Controllers\News))
 8 SYSTEMPATH\CodeIgniter.php(361): CodeIgniter\CodeIgniter->handleRequest(null, Object(Config\Cache), false)
 9 FCPATH\index.php(79): CodeIgniter\CodeIgniter->run()
10 SYSTEMPATH\Commands\Server\rewrite.php(47): require_once('C:\\wamp64\\www\\site\\Correction\\framework-4.4.3\\public\\index.php')
